<?xml version="1.0" encoding="UTF-8"?>
<!-- Generated by org.testng.reporters.JUnitReportReporter -->
<testsuite hostname="Savio" failures="0" tests="1" name="testCases.TC_002_LoginTest" time="0.774" errors="0" timestamp="2023-09-20T07:45:09 IST" skipped="0">
  <testcase classname="testCases.TC_002_LoginTest" name="test_login" time="0.774"/>
  <system-out/>
</testsuite> <!-- testCases.TC_002_LoginTest -->
