<?xml version="1.0" encoding="UTF-8"?>
<!-- Generated by org.testng.reporters.JUnitReportReporter -->
<testsuite hostname="Savio" failures="0" tests="1" name="testCases.TC_001_AccountRegistrationTest" time="3.063" errors="0" timestamp="2023-09-22T07:04:54 IST" skipped="0">
  <testcase classname="testCases.TC_001_AccountRegistrationTest" name="test_account_Registration" time="3.063"/>
</testsuite> <!-- testCases.TC_001_AccountRegistrationTest -->
